Traceback (most recent call last):
  File "/Users/caballero/opt/anaconda3/envs/ml-short-course/lib/python3.12/site-packages/jupyter_cache/executors/utils.py", line 58, in single_nb_execution
    executenb(
  File "/Users/caballero/opt/anaconda3/envs/ml-short-course/lib/python3.12/site-packages/nbclient/client.py", line 1305, in execute
    return NotebookClient(nb=nb, resources=resources, km=km, **kwargs).execute()
           ^^^^^^^^^^^^^^^^^^^^^^^^^^^^^^^^^^^^^^^^^^^^^^^^^^^^^^^^^^^^^^^^^^^^^
  File "/Users/caballero/opt/anaconda3/envs/ml-short-course/lib/python3.12/site-packages/jupyter_core/utils/__init__.py", line 173, in wrapped
    return loop.run_until_complete(inner)
           ^^^^^^^^^^^^^^^^^^^^^^^^^^^^^^
  File "/Users/caballero/opt/anaconda3/envs/ml-short-course/lib/python3.12/asyncio/base_events.py", line 687, in run_until_complete
    return future.result()
           ^^^^^^^^^^^^^^^
  File "/Users/caballero/opt/anaconda3/envs/ml-short-course/lib/python3.12/site-packages/nbclient/client.py", line 705, in async_execute
    await self.async_execute_cell(
  File "/Users/caballero/opt/anaconda3/envs/ml-short-course/lib/python3.12/site-packages/nbclient/client.py", line 1058, in async_execute_cell
    await self._check_raise_for_error(cell, cell_index, exec_reply)
  File "/Users/caballero/opt/anaconda3/envs/ml-short-course/lib/python3.12/site-packages/nbclient/client.py", line 914, in _check_raise_for_error
    raise CellExecutionError.from_cell_and_msg(cell, exec_reply_content)
nbclient.exceptions.CellExecutionError: An error occurred while executing the following cell:
------------------
### ANSWER ###

poverty_df_dropped.corr()
------------------


[0;31m---------------------------------------------------------------------------[0m
[0;31mValueError[0m                                Traceback (most recent call last)
Cell [0;32mIn[14], line 3[0m
[1;32m      1[0m [38;5;66;03m### ANSWER ###[39;00m
[0;32m----> 3[0m poverty_df_dropped[38;5;241m.[39mcorr()

File [0;32m~/opt/anaconda3/envs/ml-short-course/lib/python3.12/site-packages/pandas/core/frame.py:11036[0m, in [0;36mDataFrame.corr[0;34m(self, method, min_periods, numeric_only)[0m
[1;32m  11034[0m cols [38;5;241m=[39m data[38;5;241m.[39mcolumns
[1;32m  11035[0m idx [38;5;241m=[39m cols[38;5;241m.[39mcopy()
[0;32m> 11036[0m mat [38;5;241m=[39m data[38;5;241m.[39mto_numpy(dtype[38;5;241m=[39m[38;5;28mfloat[39m, na_value[38;5;241m=[39mnp[38;5;241m.[39mnan, copy[38;5;241m=[39m[38;5;28;01mFalse[39;00m)
[1;32m  11038[0m [38;5;28;01mif[39;00m method [38;5;241m==[39m [38;5;124m"[39m[38;5;124mpearson[39m[38;5;124m"[39m:
[1;32m  11039[0m     correl [38;5;241m=[39m libalgos[38;5;241m.[39mnancorr(mat, minp[38;5;241m=[39mmin_periods)

File [0;32m~/opt/anaconda3/envs/ml-short-course/lib/python3.12/site-packages/pandas/core/frame.py:1981[0m, in [0;36mDataFrame.to_numpy[0;34m(self, dtype, copy, na_value)[0m
[1;32m   1979[0m [38;5;28;01mif[39;00m dtype [38;5;129;01mis[39;00m [38;5;129;01mnot[39;00m [38;5;28;01mNone[39;00m:
[1;32m   1980[0m     dtype [38;5;241m=[39m np[38;5;241m.[39mdtype(dtype)
[0;32m-> 1981[0m result [38;5;241m=[39m [38;5;28mself[39m[38;5;241m.[39m_mgr[38;5;241m.[39mas_array(dtype[38;5;241m=[39mdtype, copy[38;5;241m=[39mcopy, na_value[38;5;241m=[39mna_value)
[1;32m   1982[0m [38;5;28;01mif[39;00m result[38;5;241m.[39mdtype [38;5;129;01mis[39;00m [38;5;129;01mnot[39;00m dtype:
[1;32m   1983[0m     result [38;5;241m=[39m np[38;5;241m.[39marray(result, dtype[38;5;241m=[39mdtype, copy[38;5;241m=[39m[38;5;28;01mFalse[39;00m)

File [0;32m~/opt/anaconda3/envs/ml-short-course/lib/python3.12/site-packages/pandas/core/internals/managers.py:1692[0m, in [0;36mBlockManager.as_array[0;34m(self, dtype, copy, na_value)[0m
[1;32m   1690[0m         arr[38;5;241m.[39mflags[38;5;241m.[39mwriteable [38;5;241m=[39m [38;5;28;01mFalse[39;00m
[1;32m   1691[0m [38;5;28;01melse[39;00m:
[0;32m-> 1692[0m     arr [38;5;241m=[39m [38;5;28mself[39m[38;5;241m.[39m_interleave(dtype[38;5;241m=[39mdtype, na_value[38;5;241m=[39mna_value)
[1;32m   1693[0m     [38;5;66;03m# The underlying data was copied within _interleave, so no need[39;00m
[1;32m   1694[0m     [38;5;66;03m# to further copy if copy=True or setting na_value[39;00m
[1;32m   1696[0m [38;5;28;01mif[39;00m na_value [38;5;129;01mis[39;00m lib[38;5;241m.[39mno_default:

File [0;32m~/opt/anaconda3/envs/ml-short-course/lib/python3.12/site-packages/pandas/core/internals/managers.py:1751[0m, in [0;36mBlockManager._interleave[0;34m(self, dtype, na_value)[0m
[1;32m   1749[0m     [38;5;28;01melse[39;00m:
[1;32m   1750[0m         arr [38;5;241m=[39m blk[38;5;241m.[39mget_values(dtype)
[0;32m-> 1751[0m     result[rl[38;5;241m.[39mindexer] [38;5;241m=[39m arr
[1;32m   1752[0m     itemmask[rl[38;5;241m.[39mindexer] [38;5;241m=[39m [38;5;241m1[39m
[1;32m   1754[0m [38;5;28;01mif[39;00m [38;5;129;01mnot[39;00m itemmask[38;5;241m.[39mall():

[0;31mValueError[0m: could not convert string to float: 'Albania'

