Traceback (most recent call last):
  File "/Users/caballero/opt/anaconda3/envs/ml-short-course/lib/python3.9/site-packages/jupyter_cache/executors/utils.py", line 51, in single_nb_execution
    executenb(
  File "/Users/caballero/opt/anaconda3/envs/ml-short-course/lib/python3.9/site-packages/nbclient/client.py", line 1112, in execute
    return NotebookClient(nb=nb, resources=resources, km=km, **kwargs).execute()
  File "/Users/caballero/opt/anaconda3/envs/ml-short-course/lib/python3.9/site-packages/nbclient/util.py", line 74, in wrapped
    return just_run(coro(*args, **kwargs))
  File "/Users/caballero/opt/anaconda3/envs/ml-short-course/lib/python3.9/site-packages/nbclient/util.py", line 53, in just_run
    return loop.run_until_complete(coro)
  File "/Users/caballero/opt/anaconda3/envs/ml-short-course/lib/python3.9/asyncio/base_events.py", line 642, in run_until_complete
    return future.result()
  File "/Users/caballero/opt/anaconda3/envs/ml-short-course/lib/python3.9/site-packages/nbclient/client.py", line 553, in async_execute
    await self.async_execute_cell(
  File "/Users/caballero/opt/anaconda3/envs/ml-short-course/lib/python3.9/site-packages/nbclient/client.py", line 857, in async_execute_cell
    self._check_raise_for_error(cell, exec_reply)
  File "/Users/caballero/opt/anaconda3/envs/ml-short-course/lib/python3.9/site-packages/nbclient/client.py", line 760, in _check_raise_for_error
    raise CellExecutionError.from_cell_and_msg(cell, exec_reply_content)
nbclient.exceptions.CellExecutionError: An error occurred while executing the following cell:
------------------
# your code here

# Pandas

pd.plotting.scatter_matrix(iris_df,
                          figsize = (8,8),
                          alpha = 0.5);

## Seaborn (NOTE THIS SOLVES THE NEXT PROBLEM AUTOMATICALLY)

import seaborn as sns
sns.set_theme(style="ticks")
sns.pairplot(iris_df, hue="species")
------------------

[0;31m---------------------------------------------------------------------------[0m
[0;31mModuleNotFoundError[0m                       Traceback (most recent call last)
[0;32m<ipython-input-6-9cfb6ccd1438>[0m in [0;36m<module>[0;34m[0m
[1;32m      9[0m [0;31m## Seaborn (NOTE THIS SOLVES THE NEXT PROBLEM AUTOMATICALLY)[0m[0;34m[0m[0;34m[0m[0;34m[0m[0m
[1;32m     10[0m [0;34m[0m[0m
[0;32m---> 11[0;31m [0;32mimport[0m [0mseaborn[0m [0;32mas[0m [0msns[0m[0;34m[0m[0;34m[0m[0m
[0m[1;32m     12[0m [0msns[0m[0;34m.[0m[0mset_theme[0m[0;34m([0m[0mstyle[0m[0;34m=[0m[0;34m"ticks"[0m[0;34m)[0m[0;34m[0m[0;34m[0m[0m
[1;32m     13[0m [0msns[0m[0;34m.[0m[0mpairplot[0m[0;34m([0m[0miris_df[0m[0;34m,[0m [0mhue[0m[0;34m=[0m[0;34m"species"[0m[0;34m)[0m[0;34m[0m[0;34m[0m[0m

[0;31mModuleNotFoundError[0m: No module named 'seaborn'
ModuleNotFoundError: No module named 'seaborn'

